;  LST file generated by mikroListExporter - v.2.0 
; Date/Time: 2/18/2026 10:54:48 AM
;----------------------------------------------

;Address Opcode 	ASM
0x0000	0x2897      	GOTO       151
_rotateLeft90:
;MIDTERMS.c,20 :: 		void rotateLeft90() {
;MIDTERMS.c,21 :: 		for (i = 0; i < 50; i++) {
0x0003	0x1283      	BCF        STATUS, 5
0x0004	0x1303      	BCF        STATUS, 6
0x0005	0x01A2      	CLRF       _i
0x0006	0x01A3      	CLRF       _i+1
L_rotateLeft905:
0x0007	0x3080      	MOVLW      128
0x0008	0x0623      	XORWF      _i+1, 0
0x0009	0x00F0      	MOVWF      R0
0x000A	0x3080      	MOVLW      128
0x000B	0x0270      	SUBWF      R0, 0
0x000C	0x1D03      	BTFSS      STATUS, 2
0x000D	0x2810      	GOTO       L__rotateLeft9022
0x000E	0x3032      	MOVLW      50
0x000F	0x0222      	SUBWF      _i, 0
L__rotateLeft9022:
0x0010	0x1803      	BTFSC      STATUS, 0
0x0011	0x2833      	GOTO       L_rotateLeft906
;MIDTERMS.c,22 :: 		portb.f0=1;
0x0012	0x1406      	BSF        PORTB, 0
;MIDTERMS.c,23 :: 		delay_ms(800);
0x0013	0x3009      	MOVLW      9
0x0014	0x00FB      	MOVWF      R11
0x0015	0x301E      	MOVLW      30
0x0016	0x00FC      	MOVWF      R12
0x0017	0x30E4      	MOVLW      228
0x0018	0x00FD      	MOVWF      R13
L_rotateLeft908:
0x0019	0x0BFD      	DECFSZ     R13, 1
0x001A	0x2819      	GOTO       L_rotateLeft908
0x001B	0x0BFC      	DECFSZ     R12, 1
0x001C	0x2819      	GOTO       L_rotateLeft908
0x001D	0x0BFB      	DECFSZ     R11, 1
0x001E	0x2819      	GOTO       L_rotateLeft908
0x001F	0x0000      	NOP
;MIDTERMS.c,24 :: 		portb.f0=0;
0x0020	0x1006      	BCF        PORTB, 0
;MIDTERMS.c,25 :: 		delay_ms(19200);
0x0021	0x30C3      	MOVLW      195
0x0022	0x00FB      	MOVWF      R11
0x0023	0x30CE      	MOVLW      206
0x0024	0x00FC      	MOVWF      R12
0x0025	0x309D      	MOVLW      157
0x0026	0x00FD      	MOVWF      R13
L_rotateLeft909:
0x0027	0x0BFD      	DECFSZ     R13, 1
0x0028	0x2827      	GOTO       L_rotateLeft909
0x0029	0x0BFC      	DECFSZ     R12, 1
0x002A	0x2827      	GOTO       L_rotateLeft909
0x002B	0x0BFB      	DECFSZ     R11, 1
0x002C	0x2827      	GOTO       L_rotateLeft909
0x002D	0x0000      	NOP
0x002E	0x0000      	NOP
;MIDTERMS.c,21 :: 		for (i = 0; i < 50; i++) {
0x002F	0x0AA2      	INCF       _i, 1
0x0030	0x1903      	BTFSC      STATUS, 2
0x0031	0x0AA3      	INCF       _i+1, 1
;MIDTERMS.c,26 :: 		}
0x0032	0x2807      	GOTO       L_rotateLeft905
L_rotateLeft906:
;MIDTERMS.c,27 :: 		}
L_end_rotateLeft90:
0x0033	0x0008      	RETURN
; end of _rotateLeft90
_rotateRight90:
;MIDTERMS.c,38 :: 		void rotateRight90() {
;MIDTERMS.c,39 :: 		for (i = 0; i < 50; i++) {
0x0034	0x1283      	BCF        STATUS, 5
0x0035	0x1303      	BCF        STATUS, 6
0x0036	0x01A2      	CLRF       _i
0x0037	0x01A3      	CLRF       _i+1
L_rotateRight9015:
0x0038	0x3080      	MOVLW      128
0x0039	0x0623      	XORWF      _i+1, 0
0x003A	0x00F0      	MOVWF      R0
0x003B	0x3080      	MOVLW      128
0x003C	0x0270      	SUBWF      R0, 0
0x003D	0x1D03      	BTFSS      STATUS, 2
0x003E	0x2841      	GOTO       L__rotateRight9026
0x003F	0x3032      	MOVLW      50
0x0040	0x0222      	SUBWF      _i, 0
L__rotateRight9026:
0x0041	0x1803      	BTFSC      STATUS, 0
0x0042	0x2864      	GOTO       L_rotateRight9016
;MIDTERMS.c,40 :: 		portb.f0=1;
0x0043	0x1406      	BSF        PORTB, 0
;MIDTERMS.c,41 :: 		delay_ms(2200);
0x0044	0x3017      	MOVLW      23
0x0045	0x00FB      	MOVWF      R11
0x0046	0x3053      	MOVLW      83
0x0047	0x00FC      	MOVWF      R12
0x0048	0x3037      	MOVLW      55
0x0049	0x00FD      	MOVWF      R13
L_rotateRight9018:
0x004A	0x0BFD      	DECFSZ     R13, 1
0x004B	0x284A      	GOTO       L_rotateRight9018
0x004C	0x0BFC      	DECFSZ     R12, 1
0x004D	0x284A      	GOTO       L_rotateRight9018
0x004E	0x0BFB      	DECFSZ     R11, 1
0x004F	0x284A      	GOTO       L_rotateRight9018
0x0050	0x0000      	NOP
0x0051	0x0000      	NOP
;MIDTERMS.c,42 :: 		portb.f0=0;
0x0052	0x1006      	BCF        PORTB, 0
;MIDTERMS.c,43 :: 		delay_ms(1750);
0x0053	0x3012      	MOVLW      18
0x0054	0x00FB      	MOVWF      R11
0x0055	0x30C2      	MOVLW      194
0x0056	0x00FC      	MOVWF      R12
0x0057	0x3066      	MOVLW      102
0x0058	0x00FD      	MOVWF      R13
L_rotateRight9019:
0x0059	0x0BFD      	DECFSZ     R13, 1
0x005A	0x2859      	GOTO       L_rotateRight9019
0x005B	0x0BFC      	DECFSZ     R12, 1
0x005C	0x2859      	GOTO       L_rotateRight9019
0x005D	0x0BFB      	DECFSZ     R11, 1
0x005E	0x2859      	GOTO       L_rotateRight9019
0x005F	0x0000      	NOP
;MIDTERMS.c,39 :: 		for (i = 0; i < 50; i++) {
0x0060	0x0AA2      	INCF       _i, 1
0x0061	0x1903      	BTFSC      STATUS, 2
0x0062	0x0AA3      	INCF       _i+1, 1
;MIDTERMS.c,44 :: 		}
0x0063	0x2838      	GOTO       L_rotateRight9015
L_rotateRight9016:
;MIDTERMS.c,45 :: 		}
L_end_rotateRight90:
0x0064	0x0008      	RETURN
; end of _rotateRight90
_rotateZero:
;MIDTERMS.c,29 :: 		void rotateZero() {
;MIDTERMS.c,30 :: 		for (i = 0; i < 50; i++) {
0x0065	0x1283      	BCF        STATUS, 5
0x0066	0x1303      	BCF        STATUS, 6
0x0067	0x01A2      	CLRF       _i
0x0068	0x01A3      	CLRF       _i+1
L_rotateZero10:
0x0069	0x3080      	MOVLW      128
0x006A	0x0623      	XORWF      _i+1, 0
0x006B	0x00F0      	MOVWF      R0
0x006C	0x3080      	MOVLW      128
0x006D	0x0270      	SUBWF      R0, 0
0x006E	0x1D03      	BTFSS      STATUS, 2
0x006F	0x2872      	GOTO       L__rotateZero24
0x0070	0x3032      	MOVLW      50
0x0071	0x0222      	SUBWF      _i, 0
L__rotateZero24:
0x0072	0x1803      	BTFSC      STATUS, 0
0x0073	0x2896      	GOTO       L_rotateZero11
;MIDTERMS.c,31 :: 		portb.f0=1;
0x0074	0x1406      	BSF        PORTB, 0
;MIDTERMS.c,32 :: 		delay_ms(1500);
0x0075	0x3010      	MOVLW      16
0x0076	0x00FB      	MOVWF      R11
0x0077	0x3039      	MOVLW      57
0x0078	0x00FC      	MOVWF      R12
0x0079	0x300D      	MOVLW      13
0x007A	0x00FD      	MOVWF      R13
L_rotateZero13:
0x007B	0x0BFD      	DECFSZ     R13, 1
0x007C	0x287B      	GOTO       L_rotateZero13
0x007D	0x0BFC      	DECFSZ     R12, 1
0x007E	0x287B      	GOTO       L_rotateZero13
0x007F	0x0BFB      	DECFSZ     R11, 1
0x0080	0x287B      	GOTO       L_rotateZero13
0x0081	0x0000      	NOP
0x0082	0x0000      	NOP
;MIDTERMS.c,33 :: 		portb.f0=0;
0x0083	0x1006      	BCF        PORTB, 0
;MIDTERMS.c,34 :: 		delay_ms(18500);
0x0084	0x30BC      	MOVLW      188
0x0085	0x00FB      	MOVWF      R11
0x0086	0x30B4      	MOVLW      180
0x0087	0x00FC      	MOVWF      R12
0x0088	0x3073      	MOVLW      115
0x0089	0x00FD      	MOVWF      R13
L_rotateZero14:
0x008A	0x0BFD      	DECFSZ     R13, 1
0x008B	0x288A      	GOTO       L_rotateZero14
0x008C	0x0BFC      	DECFSZ     R12, 1
0x008D	0x288A      	GOTO       L_rotateZero14
0x008E	0x0BFB      	DECFSZ     R11, 1
0x008F	0x288A      	GOTO       L_rotateZero14
0x0090	0x0000      	NOP
0x0091	0x0000      	NOP
;MIDTERMS.c,30 :: 		for (i = 0; i < 50; i++) {
0x0092	0x0AA2      	INCF       _i, 1
0x0093	0x1903      	BTFSC      STATUS, 2
0x0094	0x0AA3      	INCF       _i+1, 1
;MIDTERMS.c,35 :: 		}
0x0095	0x2869      	GOTO       L_rotateZero10
L_rotateZero11:
;MIDTERMS.c,36 :: 		}
L_end_rotateZero:
0x0096	0x0008      	RETURN
; end of _rotateZero
_main:
;MIDTERMS.c,6 :: 		void main() {
;MIDTERMS.c,7 :: 		Trisb = 0x00; // portb as output
0x0097	0x1683      	BSF        STATUS, 5
0x0098	0x1303      	BCF        STATUS, 6
0x0099	0x0186      	CLRF       TRISB
;MIDTERMS.c,8 :: 		portb = 0x00;
0x009A	0x1283      	BCF        STATUS, 5
0x009B	0x0186      	CLRF       PORTB
;MIDTERMS.c,9 :: 		while(1) // infinite loop
L_main0:
;MIDTERMS.c,11 :: 		rotateLeft90();
0x009C	0x2003      	CALL       _rotateLeft90
;MIDTERMS.c,12 :: 		delay_ms(2000);
0x009D	0x3015      	MOVLW      21
0x009E	0x00FB      	MOVWF      R11
0x009F	0x304B      	MOVLW      75
0x00A0	0x00FC      	MOVWF      R12
0x00A1	0x30BE      	MOVLW      190
0x00A2	0x00FD      	MOVWF      R13
L_main2:
0x00A3	0x0BFD      	DECFSZ     R13, 1
0x00A4	0x28A3      	GOTO       L_main2
0x00A5	0x0BFC      	DECFSZ     R12, 1
0x00A6	0x28A3      	GOTO       L_main2
0x00A7	0x0BFB      	DECFSZ     R11, 1
0x00A8	0x28A3      	GOTO       L_main2
0x00A9	0x0000      	NOP
;MIDTERMS.c,13 :: 		rotateZero();
0x00AA	0x2065      	CALL       _rotateZero
;MIDTERMS.c,14 :: 		delay_ms(2000);
0x00AB	0x3015      	MOVLW      21
0x00AC	0x00FB      	MOVWF      R11
0x00AD	0x304B      	MOVLW      75
0x00AE	0x00FC      	MOVWF      R12
0x00AF	0x30BE      	MOVLW      190
0x00B0	0x00FD      	MOVWF      R13
L_main3:
0x00B1	0x0BFD      	DECFSZ     R13, 1
0x00B2	0x28B1      	GOTO       L_main3
0x00B3	0x0BFC      	DECFSZ     R12, 1
0x00B4	0x28B1      	GOTO       L_main3
0x00B5	0x0BFB      	DECFSZ     R11, 1
0x00B6	0x28B1      	GOTO       L_main3
0x00B7	0x0000      	NOP
;MIDTERMS.c,15 :: 		rotateRight90();
0x00B8	0x2034      	CALL       _rotateRight90
;MIDTERMS.c,16 :: 		delay_ms(2000);
0x00B9	0x3015      	MOVLW      21
0x00BA	0x00FB      	MOVWF      R11
0x00BB	0x304B      	MOVLW      75
0x00BC	0x00FC      	MOVWF      R12
0x00BD	0x30BE      	MOVLW      190
0x00BE	0x00FD      	MOVWF      R13
L_main4:
0x00BF	0x0BFD      	DECFSZ     R13, 1
0x00C0	0x28BF      	GOTO       L_main4
0x00C1	0x0BFC      	DECFSZ     R12, 1
0x00C2	0x28BF      	GOTO       L_main4
0x00C3	0x0BFB      	DECFSZ     R11, 1
0x00C4	0x28BF      	GOTO       L_main4
0x00C5	0x0000      	NOP
;MIDTERMS.c,17 :: 		}
0x00C6	0x289C      	GOTO       L_main0
;MIDTERMS.c,18 :: 		}
L_end_main:
0x00C7	0x28C7      	GOTO       $+0
; end of _main
Symbol List:
//** Routines locations **
//ADDRESS    SIZE    PROCEDURE
//----------------------------------------------
0x0003      [49]    _rotateLeft90
0x0034      [49]    _rotateRight90
0x0065      [50]    _rotateZero
0x0097      [49]    _main
//** Variables locations ** 
//ADDRESS    SIZE    VARIABLE
//----------------------------------------------
0x0000       [1]    INDF
0x0003       [1]    STATUS
0x0004       [1]    FSR
0x0006       [1]    PORTB
0x000A       [1]    PCLATH
0x0020       [2]    ___DoICPAddr
0x0022       [2]    _i
0x0070       [1]    R0
0x0071       [1]    R1
0x0072       [1]    R2
0x0073       [1]    R3
0x0074       [1]    R4
0x0075       [1]    R5
0x0076       [1]    R6
0x0077       [1]    R7
0x0078       [1]    R8
0x0079       [1]    R9
0x007A       [1]    R10
0x007B       [1]    R11
0x007C       [1]    R12
0x007D       [1]    R13
0x007E       [1]    R14
0x007F       [1]    R15
0x0086       [1]    TRISB
